[2016.02.05-10.01.11:193][  0]Log file open, 02/05/16 11:01:11
[2016.02.05-10.01.11:193][  0]LogInit:Display: Running engine for game: AIGuard
[2016.02.05-10.01.11:193][  0]LogPlatformFile: Not using cached read wrapper
[2016.02.05-10.01.11:193][  0]LogInit:Display: RandInit(93618732) SRandInit(93618734).
[2016.02.05-10.01.11:193][  0]LogTaskGraph: Started task graph with 4 named threads and 7 total threads.
[2016.02.05-10.01.11:193][  0]LogStats: Stats thread started at 0.070497
[2016.02.05-10.01.11:193][  0]LogInit: Version: 4.10.1-2791327+++depot+UE4-Releases+4.10
[2016.02.05-10.01.11:193][  0]LogInit: API Version: 2758231
[2016.02.05-10.01.11:193][  0]LogInit: Compiled (64-bit): Dec  4 2015 19:44:40
[2016.02.05-10.01.11:193][  0]LogInit: Compiled with Visual C++: 19.00.23026.00
[2016.02.05-10.01.11:193][  0]LogInit: Build Configuration: Development
[2016.02.05-10.01.11:193][  0]LogInit: Branch Name: ++depot+UE4-Releases+4.10
[2016.02.05-10.01.11:193][  0]LogInit: Command line:  
[2016.02.05-10.01.11:193][  0]LogInit: Base directory: C:/Program Files/Epic Games/4.10/Engine/Binaries/Win64/
[2016.02.05-10.01.11:193][  0]LogInit: Rocket: 1
[2016.02.05-10.01.11:199][  0]LogInit: Using libcurl 7.41.0
[2016.02.05-10.01.11:199][  0]LogInit:  - built for x86_64-pc-win32
[2016.02.05-10.01.11:199][  0]LogInit:  - supports SSL with WinSSL
[2016.02.05-10.01.11:199][  0]LogInit:  - other features:
[2016.02.05-10.01.11:199][  0]LogInit:      CURL_VERSION_SSL
[2016.02.05-10.01.11:199][  0]LogInit:      CURL_VERSION_IPV6
[2016.02.05-10.01.11:199][  0]LogInit:      CURL_VERSION_ASYNCHDNS
[2016.02.05-10.01.11:199][  0]LogInit:      CURL_VERSION_LARGEFILE
[2016.02.05-10.01.11:199][  0]LogInit:      CURL_VERSION_IDN
[2016.02.05-10.01.11:199][  0]LogInit:  CurlRequestOptions (configurable via config and command line):
[2016.02.05-10.01.11:199][  0]LogInit:  - bVerifyPeer = true  - Libcurl will verify peer certificate
[2016.02.05-10.01.11:199][  0]LogInit:  - bUseHttpProxy = false  - Libcurl will NOT use HTTP proxy
[2016.02.05-10.01.11:199][  0]LogInit:  - bDontReuseConnections = false  - Libcurl will reuse connections
[2016.02.05-10.01.11:199][  0]LogInit:  - CertBundlePath = nullptr  - Libcurl will use whatever was configured at build time.
[2016.02.05-10.01.11:205][  0]LogInit: Presizing for 0 objects not considered by GC, pre-allocating 0 bytes.
[2016.02.05-10.01.11:213][  0]LogInit: Object subsystem initialized
[2016.02.05-10.01.11:214][  0]LogInit: Selected Device Profile: [Windows]
[2016.02.05-10.01.11:214][  0]LogInit: Applying CVar settings loaded from the selected device profile: [Windows]
[2016.02.05-10.01.11:243][  0]LogInit: Computer: KVYOSH-PC
[2016.02.05-10.01.11:243][  0]LogInit: User: Kvyosh
[2016.02.05-10.01.11:243][  0]LogInit: CPU Page size=4096, Cores=4
[2016.02.05-10.01.11:243][  0]LogInit: High frequency timer resolution =2.338476 MHz
[2016.02.05-10.01.11:243][  0]LogMemory: Memory total: Physical=7.9GB (8GB approx)
[2016.02.05-10.01.11:243][  0]LogMemory: Platform Memory Stats for Windows
[2016.02.05-10.01.11:244][  0]LogMemory: Process Physical Memory: 57.75 MB used, 57.75 MB peak
[2016.02.05-10.01.11:244][  0]LogMemory: Process Virtual Memory: 57.52 MB used, 57.52 MB peak
[2016.02.05-10.01.11:244][  0]LogMemory: Physical Memory: 3814.73 MB used, 8123.56 MB total
[2016.02.05-10.01.11:244][  0]LogMemory: Virtual Memory: 351.86 MB used, 8388608.00 MB total
[2016.02.05-10.01.11:278][  0]LogTextLocalizationManager: No translations for ('fr-FR') exist, falling back to 'en' for localization and internationalization data.
[2016.02.05-10.01.11:771][  0]LogD3D11RHI: Found D3D11 adapter 0: AMD Radeon HD 7500M/7600M Series (Feature Level 11_0)
[2016.02.05-10.01.11:771][  0]LogD3D11RHI: Adapter has 1004MB of dedicated video memory, 0MB of dedicated system memory, and 3805MB of shared system memory, 1 output[s]
[2016.02.05-10.01.11:771][  0]LogD3D11RHI: Chosen D3D11 Adapter Id = 0
[2016.02.05-10.01.11:776][  0]LogD3D11RHI: !Direct3DDevice
[2016.02.05-10.01.11:776][  0]LogRHI: Texture pool is 702 MB (70% of 1004 MB)
[2016.02.05-10.01.11:783][  0]LogD3D11RHI: Async texture creation disabled: no driver support
[2016.02.05-10.01.11:794][  0]LogShaderCompilers: Guid format shader working directory is -17 characters bigger than the processId version (../../../../../../Users/Kvyosh/Documents/Unreal Projects/AIGuard/Intermediate/Shaders/WorkingDirectory/5332/).
[2016.02.05-10.01.11:794][  0]LogShaderCompilers: Cleaned the shader compiler working directory 'C:/Users/Kvyosh/AppData/Local/Temp/UnrealShaderWorkingDir/E47B981C4AED58FF84FF8E81E7B9D967/'.
[2016.02.05-10.01.11:794][  0]LogShaderCompilers:Display: Using Local Shader Compiler.
[2016.02.05-10.01.12:613][  0]LogTemp:Display: Loaded TP AllDesktopTargetPlatform
[2016.02.05-10.01.12:617][  0]LogTemp:Display: Loaded TP WindowsClientTargetPlatform
[2016.02.05-10.01.12:622][  0]LogTemp:Display: Loaded TP WindowsNoEditorTargetPlatform
[2016.02.05-10.01.12:627][  0]LogTemp:Display: Loaded TP WindowsServerTargetPlatform
[2016.02.05-10.01.12:631][  0]LogTemp:Display: Loaded TP WindowsTargetPlatform
[2016.02.05-10.01.12:634][  0]LogTemp:Display: Loaded TP AndroidTargetPlatform
[2016.02.05-10.01.12:637][  0]LogTemp:Display: Loaded TP Android_ASTCTargetPlatform
[2016.02.05-10.01.12:639][  0]LogTemp:Display: Loaded TP Android_ATCTargetPlatform
[2016.02.05-10.01.12:642][  0]LogTemp:Display: Loaded TP Android_DXTTargetPlatform
[2016.02.05-10.01.12:645][  0]LogTemp:Display: Loaded TP Android_ETC1TargetPlatform
[2016.02.05-10.01.12:648][  0]LogTemp:Display: Loaded TP Android_ETC2TargetPlatform
[2016.02.05-10.01.12:654][  0]LogTemp:Display: Loaded TP Android_MultiTargetPlatform
[2016.02.05-10.01.12:654][  0]LogTemp:Display: Loaded TP Android_PVRTCTargetPlatform
[2016.02.05-10.01.12:654][  0]LogTemp:Display: Loaded TP HTML5TargetPlatform
[2016.02.05-10.01.12:670][  0]LogTemp:Display: Loaded TP IOSTargetPlatform
[2016.02.05-10.01.12:672][  0]LogTemp:Display: Loaded TP LinuxNoEditorTargetPlatform
[2016.02.05-10.01.12:675][  0]LogTemp:Display: Loaded TP LinuxServerTargetPlatform
[2016.02.05-10.01.12:678][  0]LogTemp:Display: Loaded TP LinuxTargetPlatform
[2016.02.05-10.01.12:678][  0]LogTargetPlatformManager:Display: Building Assets For Windows
[2016.02.05-10.01.12:753][  0]LogDerivedDataCache:Display: Max Cache Size: 512 MB
[2016.02.05-10.01.12:800][  0]LogDerivedDataCache: Loaded boot cache 0.05s 41MB C:/Users/Kvyosh/AppData/Local/UnrealEngine/4.10/DerivedDataCache/Boot.ddc.
[2016.02.05-10.01.12:800][  0]LogDerivedDataCache:Display: Loaded Boot cache: C:/Users/Kvyosh/AppData/Local/UnrealEngine/4.10/DerivedDataCache/Boot.ddc
[2016.02.05-10.01.12:800][  0]LogDerivedDataCache: FDerivedDataBackendGraph:  Pak pak cache file ../../../../../../Users/Kvyosh/Documents/Unreal Projects/AIGuard/DerivedDataCache/DDC.ddp not found, will not use a pak cache.
[2016.02.05-10.01.12:800][  0]LogDerivedDataCache: Unable to find inner node Pak for hierarchical cache Hierarchy.
[2016.02.05-10.01.12:800][  0]LogDerivedDataCache: FDerivedDataBackendGraph:  CompressedPak pak cache file ../../../../../../Users/Kvyosh/Documents/Unreal Projects/AIGuard/DerivedDataCache/Compressed.ddp not found, will not use a pak cache.
[2016.02.05-10.01.12:800][  0]LogDerivedDataCache: Unable to find inner node CompressedPak for hierarchical cache Hierarchy.
[2016.02.05-10.01.12:858][  0]LogDerivedDataCache:Display: Pak cache opened for reading ../../../Engine/DerivedDataCache/Compressed.ddp.
[2016.02.05-10.01.12:869][  0]LogDerivedDataCache: Using Local data cache path C:/Users/Kvyosh/AppData/Local/UnrealEngine/Common/DerivedDataCache: Writable
[2016.02.05-10.01.13:049][  0]LogInit: Selected Device Profile: [Windows]
[2016.02.05-10.01.13:049][  0]LogContentStreaming: Texture pool size is 0.000000MB
[2016.02.05-10.01.13:135][  0]LogMeshUtilities: No automatic mesh reduction module available
[2016.02.05-10.01.13:135][  0]LogMeshUtilities: No automatic mesh merging module available
[2016.02.05-10.01.13:595][  0]LogInit: WinSock: version 1.1 (2.2), MaxSocks=32767, MaxUdp=65467
[2016.02.05-10.01.14:276][  0]UdpMessaging: Initializing bridge on interface 0.0.0.0:0 to multicast group 230.0.0.1:6666.
[2016.02.05-10.01.14:368][  0]LogAssetRegistry: FAssetRegistry took 0.0101 seconds to start up
[2016.02.05-10.01.15:080][  0]SourceControl: Info Source control is disabled
[2016.02.05-10.01.15:085][  0]SourceControl: Info Source control is disabled
[2016.02.05-10.01.15:095][  0]SourceControl: Info Source control is disabled
[2016.02.05-10.01.15:103][  0]SourceControl: Info Source control is disabled
[2016.02.05-10.01.15:347][  0]LogObj: 28633 objects as part of root set at end of initial load.
[2016.02.05-10.01.15:347][  0]LogUObjectAllocator: 6099744 out of 0 bytes used by permanent object pool.
[2016.02.05-10.01.15:404][  0]LogEngine: Initializing Engine...
[2016.02.05-10.01.15:406][  0]LogHMD: Can't find Oculus library dev build: is proper Runtime installed? Version: 0.8.0.0
[2016.02.05-10.01.15:406][  0]LogHMD: SteamVR failed to initialize.  Err: 110
[2016.02.05-10.01.15:544][  0]LogAIModule: Creating AISystem for world NewWorld
[2016.02.05-10.01.15:548][  0]LogInit: XAudio2 using 'Haut-parleurs (Périphérique High Definition Audio)' : 2 channels at 44.1 kHz using 16 bits per sample (channel mask 0x3)
[2016.02.05-10.01.15:554][  0]LogInit: FAudioDevice initialized.
[2016.02.05-10.01.15:574][  0]LogDerivedDataCache: Saved boot cache 0.02s 41MB C:/Users/Kvyosh/AppData/Local/UnrealEngine/4.10/DerivedDataCache/Boot.ddc.
[2016.02.05-10.01.15:577][  0]LogInit: Texture streaming: Enabled
[2016.02.05-10.01.15:582][  0]LogAnalytics: Creating configured Analytics provider AnalyticsET
[2016.02.05-10.01.15:582][  0]LogAnalytics: [UEEditor.Rocket.Release] APIServer = http://et2.epicgames.com/ET2/. AppVersion = 4.10.1-2791327+++depot+UE4-Releases+4.10
[2016.02.05-10.01.15:582][  0]LogAnalytics: [UEEditor.Rocket.Release] SetUserId f9154e0849d36c5be8f03ba30c46f8c1|0dbd17c42b42486389d5eced57f49604|30b53faf-6d78-4883-a39c-153fecbc0b95
[2016.02.05-10.01.15:582][  0]LogAnalytics: [UEEditor.Rocket.Release] AnalyticsET::StartSession
[2016.02.05-10.01.15:597][  0]LogInit: Transaction tracking system initialized
[2016.02.05-10.01.15:627][  0]BlueprintLog: New page: Editor Load
[2016.02.05-10.01.15:770][  0]LocalizationService: Info Localization service is disabled
[2016.02.05-10.01.16:032][  0]LogConsoleResponse:Display: 
[2016.02.05-10.01.17:264][  0]LogFileCache: Scanning file cache for directory 'C:/Users/Kvyosh/Documents/Unreal Projects/AIGuard/Content/' took 0.08s
[2016.02.05-10.01.17:264][  0]LogCook:Display: Done creating registry. It took  0.00s.
[2016.02.05-10.01.21:012][  0]SourceControl: Info Source control is disabled
[2016.02.05-10.01.21:218][  0]Cmd: MAP LOAD FILE="../../../../../../Users/Kvyosh/Documents/Unreal Projects/AIGuard/Content/ThirdPersonBP/Maps/ThirdPersonExampleMap.umap" TEMPLATE=0 SHOWPROGRESS=1 FEATURELEVEL=3
[2016.02.05-10.01.21:370][  0]LightingResults: New page: Lighting Build
[2016.02.05-10.01.21:705][  0]MapCheck: New page: Map Check
[2016.02.05-10.01.21:705][  0]LightingResults: New page: Lighting Build
[2016.02.05-10.01.22:433][  0]LogParticles: Destroying 0 GPU particle simulations for FXSystem 0x000000002020EAC0
[2016.02.05-10.01.35:646][  0]LogAIModule: Creating AISystem for world ThirdPersonExampleMap
[2016.02.05-10.01.36:032][  0]LogEditorServer: Finished looking for orphan Actors (0.000 secs)
[2016.02.05-10.01.36:237][  0]Cmd: MAP CHECKDEP NOCLEARLOG
[2016.02.05-10.01.36:279][  0]MapCheck: Info Map check complete: 0 Error(s), 0 Warning(s), took 42.03ms to complete.
[2016.02.05-10.01.36:279][  0]LogFileHelpers: Loading map 'ThirdPersonExampleMap' took 15.149
[2016.02.05-10.01.38:687][  0]LogCollectionManager: Loaded 0 collections in 0.002356 seconds
[2016.02.05-10.01.38:915][  0]LogFileCache: Scanning file cache for directory 'C:/Users/Kvyosh/Documents/Unreal Projects/AIGuard/Saved/Collections/' took 0.01s
[2016.02.05-10.01.38:915][  0]LogFileCache: Scanning file cache for directory 'C:/Users/Kvyosh/Documents/Unreal Projects/AIGuard/Content/Developers/Kvyosh/Collections/' took 0.01s
[2016.02.05-10.01.38:915][  0]LogFileCache: Scanning file cache for directory 'C:/Users/Kvyosh/Documents/Unreal Projects/AIGuard/Content/Collections/' took 0.01s
[2016.02.05-10.01.38:915][  0]LogCollectionManager: Rebuilt the GUID cache for 0 collections in 0.000002 seconds
[2016.02.05-10.01.38:946][  0]LogContentBrowser: Native class hierarchy populated in 0.0198 seconds. Added 1893 classes and 338 folders.
[2016.02.05-10.01.39:023][  0]LogContentBrowser: Native class hierarchy updated for 'WidgetCarousel' in 0.0003 seconds. Added 0 classes and 0 folders.
[2016.02.05-10.01.40:883][  0]LogContentBrowser: Native class hierarchy updated for 'AddContentDialog' in 0.0004 seconds. Added 0 classes and 0 folders.
[2016.02.05-10.01.40:992][  0]LogContentBrowser: Native class hierarchy updated for 'SceneOutliner' in 0.0004 seconds. Added 1 classes and 2 folders.
[2016.02.05-10.01.42:571][  0]LogCrashTracker: Crashtracker disabled due to settings.
[2016.02.05-10.01.42:716][  0]LogUObjectGlobals:Warning: Failed to find object 'Class None.'
[2016.02.05-10.01.42:776][  0]LogLoad: Full Startup: 32.35 seconds (BP compile: 0.82 seconds)
[2016.02.05-10.01.43:116][  0]LogOcInput: Can't find Oculus library dev build: is proper Runtime installed? Version: 0.8.0.0
[2016.02.05-10.01.43:749][  0]LogContentStreaming: Texture pool size now 200 MB
[2016.02.05-10.01.44:890][  0]LogRenderer: Reallocating scene render targets to support 1208x572 (Frame:2).
[2016.02.05-10.01.45:433][  2]LogCollectionManager: Rebuilt the object cache for 0 collections in 0.000001 seconds (found 0 objects)
[2016.02.05-10.01.46:038][  4]LogAssetRegistry: Asset discovery search completed in 31.6801 seconds
[2016.02.05-10.01.46:039][  4]LogCollectionManager: Fixed up redirectors for 0 collections in 0.000003 seconds (updated 0 objects)
[2016.02.05-10.02.04:555][178]LogBlueprintUserMessages: Early PlayInEditor Detection: Level '/Game/ThirdPersonBP/Maps/ThirdPersonExampleMap.ThirdPersonExampleMap:PersistentLevel' has LevelScriptBlueprint '/Game/ThirdPersonBP/Maps/ThirdPersonExampleMap.ThirdPersonExampleMap:PersistentLevel.ThirdPersonExampleMap' with GeneratedClass '/Game/ThirdPersonBP/Maps/ThirdPersonExampleMap.ThirdPersonExampleMap_C' with ClassGeneratedBy '/Game/ThirdPersonBP/Maps/ThirdPersonExampleMap.ThirdPersonExampleMap:PersistentLevel.ThirdPersonExampleMap'
[2016.02.05-10.02.04:555][178]LogPlayLevel: PlayLevel: No blueprints needed recompiling
[2016.02.05-10.02.04:573][178]PIE: New page: PIE session: ThirdPersonExampleMap (Feb 5, 2016, 12:02:04 PM)
[2016.02.05-10.02.04:573][178]LogPlayLevel: Creating play world package: /Game/ThirdPersonBP/Maps/UEDPIE_0_ThirdPersonExampleMap
[2016.02.05-10.02.04:601][178]LogPlayLevel: PIE: StaticDuplicateObject took: (0.027716s)
[2016.02.05-10.02.04:602][178]LogAIModule: Creating AISystem for world ThirdPersonExampleMap
[2016.02.05-10.02.04:603][178]LogPlayLevel: PIE: World Init took: (0.001276s)
[2016.02.05-10.02.04:603][178]LogPlayLevel: PIE: Created PIE world by copying editor world from /Game/ThirdPersonBP/Maps/ThirdPersonExampleMap.ThirdPersonExampleMap to /Game/ThirdPersonBP/Maps/UEDPIE_0_ThirdPersonExampleMap.ThirdPersonExampleMap (0.029623s)
[2016.02.05-10.02.04:603][178]LogActorComponent: UnregisterComponent: (/Engine/Transient.CharMoveComp) Not registered. Aborting.
[2016.02.05-10.02.04:644][178]LogActorComponent: UnregisterComponent: (/Engine/Transient.PawnNoiseEmitter_GEN_VARIABLE) Not registered. Aborting.
[2016.02.05-10.02.04:678][178]LogInit: XAudio2 using 'Haut-parleurs (Périphérique High Definition Audio)' : 2 channels at 44.1 kHz using 16 bits per sample (channel mask 0x3)
[2016.02.05-10.02.04:684][178]LogInit: FAudioDevice initialized.
[2016.02.05-10.02.04:847][178]LogWorld: Game class is 'ThirdPersonGameMode_C'
[2016.02.05-10.02.04:873][178]LogWorld: Bringing World /Game/ThirdPersonBP/Maps/UEDPIE_0_ThirdPersonExampleMap.ThirdPersonExampleMap up for play (max tick rate 60) at 2016.02.05-11.02.04
[2016.02.05-10.02.04:873][178]LogActor:Warning: GameSession /Game/ThirdPersonBP/Maps/UEDPIE_0_ThirdPersonExampleMap.ThirdPersonExampleMap:PersistentLevel.GameSession_0 has natively added scene component(s), but none of them were set as the actor's RootComponent - picking one arbitrarily
[2016.02.05-10.02.04:873][178]LogActor:Warning: GameNetworkManager /Game/ThirdPersonBP/Maps/UEDPIE_0_ThirdPersonExampleMap.ThirdPersonExampleMap:PersistentLevel.GameNetworkManager_0 has natively added scene component(s), but none of them were set as the actor's RootComponent - picking one arbitrarily
[2016.02.05-10.02.04:967][178]LogWorld: Bringing up level for play took: 0.098640
[2016.02.05-10.02.05:107][178]PIE: Info Play in editor start time for /Game/ThirdPersonBP/Maps/UEDPIE_0_ThirdPersonExampleMap 1.341
[2016.02.05-10.02.05:107][178]LogBlueprintUserMessages: Late PlayInEditor Detection: Level '/Game/ThirdPersonBP/Maps/ThirdPersonExampleMap.ThirdPersonExampleMap:PersistentLevel' has LevelScriptBlueprint '/Game/ThirdPersonBP/Maps/ThirdPersonExampleMap.ThirdPersonExampleMap:PersistentLevel.ThirdPersonExampleMap' with GeneratedClass '/Game/ThirdPersonBP/Maps/ThirdPersonExampleMap.ThirdPersonExampleMap_C' with ClassGeneratedBy '/Game/ThirdPersonBP/Maps/ThirdPersonExampleMap.ThirdPersonExampleMap:PersistentLevel.ThirdPersonExampleMap'
[2016.02.05-10.02.05:320][179]LogBlueprintUserMessages: [AIGuardController_C_0] Pawn see someone
[2016.02.05-10.02.05:822][207]LogBlueprintUserMessages: [AIGuardController_C_0] Pawn see someone
[2016.02.05-10.02.06:336][235]LogBlueprintUserMessages: [AIGuardController_C_0] Pawn see someone
[2016.02.05-10.02.06:839][262]LogBlueprintUserMessages: [AIGuardController_C_0] Pawn see someone
[2016.02.05-10.02.07:345][290]LogBlueprintUserMessages: [AIGuardController_C_0] Pawn see someone
[2016.02.05-10.02.07:854][318]LogBlueprintUserMessages: [AIGuardController_C_0] Pawn see someone
[2016.02.05-10.02.13:911][659]LogBlueprintUserMessages: [AIGuardController_C_0] Pawn see someone
[2016.02.05-10.02.14:413][689]LogBlueprintUserMessages: [AIGuardController_C_0] Pawn see someone
[2016.02.05-10.02.14:925][719]LogBlueprintUserMessages: [AIGuardController_C_0] Pawn see someone
[2016.02.05-10.02.15:433][747]LogBlueprintUserMessages: [AIGuardController_C_0] Pawn see someone
[2016.02.05-10.02.15:933][775]LogBlueprintUserMessages: [AIGuardController_C_0] Pawn see someone
[2016.02.05-10.02.16:435][805]LogBlueprintUserMessages: [AIGuardController_C_0] Pawn see someone
[2016.02.05-10.02.16:936][835]LogBlueprintUserMessages: [AIGuardController_C_0] Pawn see someone
[2016.02.05-10.02.17:438][865]LogBlueprintUserMessages: [AIGuardController_C_0] Pawn see someone
[2016.02.05-10.02.17:939][895]LogBlueprintUserMessages: [AIGuardController_C_0] Pawn see someone
[2016.02.05-10.02.18:441][925]LogBlueprintUserMessages: [AIGuardController_C_0] Pawn see someone
[2016.02.05-10.02.18:942][955]LogBlueprintUserMessages: [AIGuardController_C_0] Pawn see someone
[2016.02.05-10.02.24:958][315]LogBlueprintUserMessages: [AIGuardController_C_0] Pawn see someone
[2016.02.05-10.02.25:460][345]LogBlueprintUserMessages: [AIGuardController_C_0] Pawn see someone
[2016.02.05-10.02.25:970][375]LogBlueprintUserMessages: [AIGuardController_C_0] Pawn see someone
[2016.02.05-10.02.26:473][403]LogBlueprintUserMessages: [AIGuardController_C_0] Pawn see someone
[2016.02.05-10.02.26:981][432]LogBlueprintUserMessages: [AIGuardController_C_0] Pawn see someone
[2016.02.05-10.02.27:482][461]LogBlueprintUserMessages: [AIGuardController_C_0] Pawn see someone
[2016.02.05-10.02.27:983][491]LogBlueprintUserMessages: [AIGuardController_C_0] Pawn see someone
[2016.02.05-10.02.28:484][521]LogBlueprintUserMessages: [AIGuardController_C_0] Pawn see someone
[2016.02.05-10.02.28:986][551]LogBlueprintUserMessages: [AIGuardController_C_0] Pawn see someone
[2016.02.05-10.02.29:487][581]LogBlueprintUserMessages: [AIGuardController_C_0] Pawn see someone
[2016.02.05-10.02.29:989][611]LogBlueprintUserMessages: [AIGuardController_C_0] Pawn see someone
[2016.02.05-10.02.30:490][641]LogBlueprintUserMessages: [AIGuardController_C_0] Pawn see someone
[2016.02.05-10.02.30:999][669]LogBlueprintUserMessages: [AIGuardController_C_0] Pawn see someone
[2016.02.05-10.02.31:506][697]LogBlueprintUserMessages: [AIGuardController_C_0] Pawn see someone
[2016.02.05-10.02.32:014][725]LogBlueprintUserMessages: [AIGuardController_C_0] Pawn see someone
[2016.02.05-10.02.32:522][753]LogBlueprintUserMessages: [AIGuardController_C_0] Pawn see someone
[2016.02.05-10.02.33:031][781]LogBlueprintUserMessages: [AIGuardController_C_0] Pawn see someone
[2016.02.05-10.02.40:368][179]LogBlueprintUserMessages: [AIGuardController_C_0] Pawn see someone
[2016.02.05-10.02.40:869][209]LogBlueprintUserMessages: [AIGuardController_C_0] Pawn see someone
[2016.02.05-10.02.41:370][239]LogBlueprintUserMessages: [AIGuardController_C_0] Pawn see someone
[2016.02.05-10.02.42:378][297]LogBlueprintUserMessages: [AIGuardController_C_0] Pawn see someone
[2016.02.05-10.02.42:885][325]LogBlueprintUserMessages: [AIGuardController_C_0] Pawn see someone
[2016.02.05-10.02.43:392][354]LogBlueprintUserMessages: [AIGuardController_C_0] Pawn see someone
[2016.02.05-10.02.43:894][384]LogBlueprintUserMessages: [AIGuardController_C_0] Pawn see someone
[2016.02.05-10.02.44:395][414]LogBlueprintUserMessages: [AIGuardController_C_0] Pawn see someone
[2016.02.05-10.02.44:896][444]LogBlueprintUserMessages: [AIGuardController_C_0] Pawn see someone
[2016.02.05-10.02.45:398][474]LogBlueprintUserMessages: [AIGuardController_C_0] Pawn see someone
[2016.02.05-10.02.45:899][504]LogBlueprintUserMessages: [AIGuardController_C_0] Pawn see someone
[2016.02.05-10.02.46:401][532]LogBlueprintUserMessages: [AIGuardController_C_0] Pawn see someone
[2016.02.05-10.02.46:914][560]LogBlueprintUserMessages: [AIGuardController_C_0] Pawn see someone
[2016.02.05-10.02.47:424][589]LogBlueprintUserMessages: [AIGuardController_C_0] Pawn see someone
[2016.02.05-10.02.47:938][618]LogBlueprintUserMessages: [AIGuardController_C_0] Pawn see someone
[2016.02.05-10.02.48:439][648]LogBlueprintUserMessages: [AIGuardController_C_0] Pawn see someone
[2016.02.05-10.02.48:941][678]LogBlueprintUserMessages: [AIGuardController_C_0] Pawn see someone
[2016.02.05-10.02.49:442][708]LogBlueprintUserMessages: [AIGuardController_C_0] Pawn see someone
[2016.02.05-10.02.49:944][738]LogBlueprintUserMessages: [AIGuardController_C_0] Pawn see someone
[2016.02.05-10.02.50:459][767]LogBlueprintUserMessages: [AIGuardController_C_0] Pawn see someone
[2016.02.05-10.02.50:967][795]LogBlueprintUserMessages: [AIGuardController_C_0] Pawn see someone
[2016.02.05-10.02.51:477][823]LogBlueprintUserMessages: [AIGuardController_C_0] Pawn see someone
[2016.02.05-10.02.51:982][851]LogBlueprintUserMessages: [AIGuardController_C_0] Pawn see someone
[2016.02.05-10.02.52:492][879]LogBlueprintUserMessages: [AIGuardController_C_0] Pawn see someone
[2016.02.05-10.02.53:002][907]LogBlueprintUserMessages: [AIGuardController_C_0] Pawn see someone
[2016.02.05-10.02.58:542][226]LogBlueprintUserMessages: [AIGuardController_C_0] Pawn hear something
[2016.02.05-10.02.59:042][256]LogBlueprintUserMessages: [AIGuardController_C_0] Pawn see someone
[2016.02.05-10.02.59:543][286]LogBlueprintUserMessages: [AIGuardController_C_0] Pawn see someone
[2016.02.05-10.03.00:043][316]LogBlueprintUserMessages: [AIGuardController_C_0] Pawn see someone
[2016.02.05-10.03.00:542][346]LogBlueprintUserMessages: [AIGuardController_C_0] Pawn see someone
[2016.02.05-10.03.01:042][376]LogBlueprintUserMessages: [AIGuardController_C_0] Pawn see someone
[2016.02.05-10.03.01:542][406]LogBlueprintUserMessages: [AIGuardController_C_0] Pawn see someone
[2016.02.05-10.03.02:044][436]LogBlueprintUserMessages: [AIGuardController_C_0] Pawn see someone
[2016.02.05-10.03.02:545][466]LogBlueprintUserMessages: [AIGuardController_C_0] Pawn see someone
[2016.02.05-10.03.03:046][496]LogBlueprintUserMessages: [AIGuardController_C_0] Pawn see someone
[2016.02.05-10.03.03:548][526]LogBlueprintUserMessages: [AIGuardController_C_0] Pawn see someone
[2016.02.05-10.03.04:049][556]LogBlueprintUserMessages: [AIGuardController_C_0] Pawn see someone
[2016.02.05-10.03.16:199][253]LogBlueprintUserMessages: [AIGuardController_C_0] Pawn hear something
[2016.02.05-10.03.16:701][283]LogBlueprintUserMessages: [AIGuardController_C_0] Pawn see someone
[2016.02.05-10.03.17:203][313]LogBlueprintUserMessages: [AIGuardController_C_0] Pawn see someone
[2016.02.05-10.03.17:703][343]LogBlueprintUserMessages: [AIGuardController_C_0] Pawn see someone
[2016.02.05-10.03.18:205][373]LogBlueprintUserMessages: [AIGuardController_C_0] Pawn see someone
[2016.02.05-10.03.18:707][403]LogBlueprintUserMessages: [AIGuardController_C_0] Pawn see someone
[2016.02.05-10.03.19:208][433]LogBlueprintUserMessages: [AIGuardController_C_0] Pawn see someone
[2016.02.05-10.03.19:709][463]LogBlueprintUserMessages: [AIGuardController_C_0] Pawn see someone
[2016.02.05-10.03.20:221][492]LogBlueprintUserMessages: [AIGuardController_C_0] Pawn see someone
[2016.02.05-10.03.20:729][520]LogBlueprintUserMessages: [AIGuardController_C_0] Pawn see someone
[2016.02.05-10.03.21:236][548]LogBlueprintUserMessages: [AIGuardController_C_0] Pawn see someone
[2016.02.05-10.03.34:924][318]LogBlueprintUserMessages: [AIGuardController_C_0] Pawn hear something
[2016.02.05-10.03.35:436][347]LogBlueprintUserMessages: [AIGuardController_C_0] Pawn see someone
[2016.02.05-10.03.35:951][376]LogBlueprintUserMessages: [AIGuardController_C_0] Pawn see someone
[2016.02.05-10.03.36:456][405]LogBlueprintUserMessages: [AIGuardController_C_0] Pawn see someone
[2016.02.05-10.03.36:968][434]LogBlueprintUserMessages: [AIGuardController_C_0] Pawn see someone
[2016.02.05-10.03.37:476][463]LogBlueprintUserMessages: [AIGuardController_C_0] Pawn see someone
[2016.02.05-10.03.37:984][491]LogBlueprintUserMessages: [AIGuardController_C_0] Pawn see someone
[2016.02.05-10.03.38:494][519]LogBlueprintUserMessages: [AIGuardController_C_0] Pawn see someone
[2016.02.05-10.03.50:723][195]LogBlueprintUserMessages: [AIGuardController_C_0] Pawn hear something
[2016.02.05-10.03.51:225][223]LogBlueprintUserMessages: [AIGuardController_C_0] Pawn hear something
[2016.02.05-10.03.51:736][251]LogBlueprintUserMessages: [AIGuardController_C_0] Pawn see someone
[2016.02.05-10.03.52:245][279]LogBlueprintUserMessages: [AIGuardController_C_0] Pawn see someone
[2016.02.05-10.03.52:755][307]LogBlueprintUserMessages: [AIGuardController_C_0] Pawn see someone
[2016.02.05-10.03.53:261][335]LogBlueprintUserMessages: [AIGuardController_C_0] Pawn see someone
[2016.02.05-10.03.55:285][454]LogBlueprintUserMessages: [AIGuardController_C_0] Pawn see someone
[2016.02.05-10.03.55:792][482]LogBlueprintUserMessages: [AIGuardController_C_0] Pawn see someone
[2016.02.05-10.03.56:296][510]LogBlueprintUserMessages: [AIGuardController_C_0] Pawn see someone
[2016.02.05-10.03.56:804][538]LogBlueprintUserMessages: [AIGuardController_C_0] Pawn see someone
[2016.02.05-10.03.57:309][566]LogBlueprintUserMessages: [AIGuardController_C_0] Pawn see someone
[2016.02.05-10.03.57:819][594]LogBlueprintUserMessages: [AIGuardController_C_0] Pawn see someone
[2016.02.05-10.03.58:329][622]LogBlueprintUserMessages: [AIGuardController_C_0] Pawn see someone
[2016.02.05-10.03.58:839][650]LogBlueprintUserMessages: [AIGuardController_C_0] Pawn see someone
[2016.02.05-10.03.59:346][678]LogBlueprintUserMessages: [AIGuardController_C_0] Pawn see someone
[2016.02.05-10.03.59:860][707]LogBlueprintUserMessages: [AIGuardController_C_0] Pawn see someone
[2016.02.05-10.04.00:371][735]LogBlueprintUserMessages: [AIGuardController_C_0] Pawn see someone
[2016.02.05-10.04.00:887][764]LogBlueprintUserMessages: [AIGuardController_C_0] Pawn see someone
[2016.02.05-10.04.01:391][792]LogBlueprintUserMessages: [AIGuardController_C_0] Pawn see someone
[2016.02.05-10.04.01:891][821]LogBlueprintUserMessages: [AIGuardController_C_0] Pawn see someone
[2016.02.05-10.04.02:393][851]LogBlueprintUserMessages: [AIGuardController_C_0] Pawn see someone
[2016.02.05-10.04.02:894][881]LogBlueprintUserMessages: [AIGuardController_C_0] Pawn see someon